ERROR - 2023-11-20 16:23:54 --> mysqli_sql_exception: Column count doesn't match value count at row 1 in /home/2023DIFAL3/e22107275/public_html/V1/ci/system/Database/MySQLi/Connection.php:306
Stack trace:
#0 /home/2023DIFAL3/e22107275/public_html/V1/ci/system/Database/MySQLi/Connection.php(306): mysqli->query()
#1 /home/2023DIFAL3/e22107275/public_html/V1/ci/system/Database/BaseConnection.php(693): CodeIgniter\Database\MySQLi\Connection->execute()
#2 /home/2023DIFAL3/e22107275/public_html/V1/ci/system/Database/BaseConnection.php(607): CodeIgniter\Database\BaseConnection->simpleQuery()
#3 /home/2023DIFAL3/e22107275/public_html/V1/ci/app/Models/Db_model.php(68): CodeIgniter\Database\BaseConnection->query()
#4 /home/2023DIFAL3/e22107275/public_html/V1/ci/app/Controllers/Compte.php(41): App\Models\Db_model->set_compte()
#5 /home/2023DIFAL3/e22107275/public_html/V1/ci/system/CodeIgniter.php(942): App\Controllers\Compte->creer()
#6 /home/2023DIFAL3/e22107275/public_html/V1/ci/system/CodeIgniter.php(502): CodeIgniter\CodeIgniter->runController()
#7 /home/2023DIFAL3/e22107275/public_html/V1/ci/system/CodeIgniter.php(361): CodeIgniter\CodeIgniter->handleRequest()
#8 /home/2023DIFAL3/e22107275/public_html/V1/ci/public/index.php(79): CodeIgniter\CodeIgniter->run()
#9 {main}
CRITICAL - 2023-11-20 16:23:54 --> chmod() has been disabled for security reasons
in SYSTEMPATH/Log/Handlers/FileHandler.php on line 119.
 1 [internal function]: CodeIgniter\Debug\Exceptions->errorHandler()
 2 SYSTEMPATH/Log/Handlers/FileHandler.php(119): chmod()
 3 SYSTEMPATH/Log/Logger.php(294): CodeIgniter\Log\Handlers\FileHandler->handle()
 4 SYSTEMPATH/Common.php(810): CodeIgniter\Log\Logger->log()
 5 SYSTEMPATH/Database/MySQLi/Connection.php(308): log_message()
 6 SYSTEMPATH/Database/BaseConnection.php(693): CodeIgniter\Database\MySQLi\Connection->execute()
 7 SYSTEMPATH/Database/BaseConnection.php(607): CodeIgniter\Database\BaseConnection->simpleQuery()
 8 APPPATH/Models/Db_model.php(68): CodeIgniter\Database\BaseConnection->query()
 9 APPPATH/Controllers/Compte.php(41): App\Models\Db_model->set_compte()
10 SYSTEMPATH/CodeIgniter.php(942): App\Controllers\Compte->creer()
11 SYSTEMPATH/CodeIgniter.php(502): CodeIgniter\CodeIgniter->runController()
12 SYSTEMPATH/CodeIgniter.php(361): CodeIgniter\CodeIgniter->handleRequest()
13 FCPATH/index.php(79): CodeIgniter\CodeIgniter->run()
CRITICAL - 2023-11-20 17:53:49 --> Use of undefined constant scenario - assumed 'scenario' (this will throw an Error in a future version of PHP)
in APPPATH/Views/affichage_scenario.php on line 42.
 1 APPPATH/Views/affichage_scenario.php(42): CodeIgniter\Debug\Exceptions->errorHandler()
 2 SYSTEMPATH/View/View.php(228): include('/home/2023DIFAL3/e22107275/public_html/V1/ci/app/Views/affichage_scenario.php')
 3 SYSTEMPATH/View/View.php(231): CodeIgniter\View\View->CodeIgniter\View\{closure}()
 4 SYSTEMPATH/Common.php(1190): CodeIgniter\View\View->render()
 5 APPPATH/Controllers/Scenario.php(18): view()
 6 SYSTEMPATH/CodeIgniter.php(942): App\Controllers\Scenario->lister()
 7 SYSTEMPATH/CodeIgniter.php(502): CodeIgniter\CodeIgniter->runController()
 8 SYSTEMPATH/CodeIgniter.php(361): CodeIgniter\CodeIgniter->handleRequest()
 9 FCPATH/index.php(79): CodeIgniter\CodeIgniter->run()
